0 info it worked if it ends with ok
1 verbose cli [ 'node', '/usr/local/bin/npm', 'publish' ]
2 info using npm@1.4.28
3 info using node@v0.10.33
4 verbose publish [ '.' ]
5 verbose cache add [ '.', null ]
6 verbose cache add name=undefined spec="." args=[".",null]
7 verbose parsed url { protocol: null,
7 verbose parsed url   slashes: null,
7 verbose parsed url   auth: null,
7 verbose parsed url   host: null,
7 verbose parsed url   port: null,
7 verbose parsed url   hostname: null,
7 verbose parsed url   hash: null,
7 verbose parsed url   search: null,
7 verbose parsed url   query: null,
7 verbose parsed url   pathname: '.',
7 verbose parsed url   path: '.',
7 verbose parsed url   href: '.' }
8 silly lockFile 3a52ce78- .
9 verbose lock . /Users/Infernus/.npm/3a52ce78-.lock
10 verbose tar pack [ '/Users/Infernus/.npm/censorify/0.0.1/package.tgz', '.' ]
11 verbose tarball /Users/Infernus/.npm/censorify/0.0.1/package.tgz
12 verbose folder .
13 info prepublish censorify@0.0.1
14 silly lockFile 1f1177db-tar tar://.
15 verbose lock tar://. /Users/Infernus/.npm/1f1177db-tar.lock
16 silly lockFile 4f8a6bdb--npm-censorify-0-0-1-package-tgz tar:///Users/Infernus/.npm/censorify/0.0.1/package.tgz
17 verbose lock tar:///Users/Infernus/.npm/censorify/0.0.1/package.tgz /Users/Infernus/.npm/4f8a6bdb--npm-censorify-0-0-1-package-tgz.lock
18 silly lockFile 1f1177db-tar tar://.
19 silly lockFile 1f1177db-tar tar://.
20 silly lockFile 4f8a6bdb--npm-censorify-0-0-1-package-tgz tar:///Users/Infernus/.npm/censorify/0.0.1/package.tgz
21 silly lockFile 4f8a6bdb--npm-censorify-0-0-1-package-tgz tar:///Users/Infernus/.npm/censorify/0.0.1/package.tgz
22 silly lockFile 1f0d5597-rnus-npm-censorify-0-0-1-package /Users/Infernus/.npm/censorify/0.0.1/package
23 verbose lock /Users/Infernus/.npm/censorify/0.0.1/package /Users/Infernus/.npm/1f0d5597-rnus-npm-censorify-0-0-1-package.lock
24 silly lockFile 1f0d5597-rnus-npm-censorify-0-0-1-package /Users/Infernus/.npm/censorify/0.0.1/package
25 silly lockFile 1f0d5597-rnus-npm-censorify-0-0-1-package /Users/Infernus/.npm/censorify/0.0.1/package
26 silly lockFile 3a52ce78- .
27 silly lockFile 3a52ce78- .
28 silly publish { name: 'censorify',
28 silly publish   author: { name: 'Achin Kumar' },
28 silly publish   version: '0.0.1',
28 silly publish   description: 'Censors an input text',
28 silly publish   repository: { type: 'git', url: 'https://github.com/Infernus666/censorify' },
28 silly publish   keywords: [ 'censor', 'censorship' ],
28 silly publish   dependencies: {},
28 silly publish   engines: { node: '*' },
28 silly publish   gitHead: '5e8e6997ba4a55b0c8316d33eba5b80cc096c436',
28 silly publish   bugs: { url: 'https://github.com/Infernus666/censorify/issues' },
28 silly publish   readme: 'ERROR: No README data found!',
28 silly publish   homepage: 'https://github.com/Infernus666/censorify',
28 silly publish   _id: 'censorify@0.0.1',
28 silly publish   scripts: {},
28 silly publish   _shasum: '1bf590d8ee28d94f5c5ac94ba1305c92c2d0e491',
28 silly publish   _from: '.' }
29 verbose request where is /censorify
30 verbose request registry https://registry.npmjs.org/
31 verbose request id fdac0effd12f50f0
32 verbose url raw /censorify
33 verbose url resolving [ 'https://registry.npmjs.org/', './censorify' ]
34 verbose url resolved https://registry.npmjs.org/censorify
35 verbose request where is https://registry.npmjs.org/censorify
36 info trying registry request attempt 1 at 17:39:45
37 http PUT https://registry.npmjs.org/censorify
38 http 403 https://registry.npmjs.org/censorify
39 verbose headers { 'content-type': 'application/json',
39 verbose headers   'cache-control': 'max-age=60',
39 verbose headers   'content-length': '101',
39 verbose headers   'accept-ranges': 'bytes',
39 verbose headers   date: 'Thu, 12 Nov 2015 12:09:47 GMT',
39 verbose headers   via: '1.1 varnish',
39 verbose headers   connection: 'keep-alive',
39 verbose headers   'x-served-by': 'cache-nrt6131-NRT',
39 verbose headers   'x-cache': 'MISS',
39 verbose headers   'x-cache-hits': '0',
39 verbose headers   'x-timer': 'S1447330186.950934,VS0,VE485' }
40 error publish Failed PUT 403
41 error Error: You do not have permission to publish 'censorify'. Are you logged in as the correct user? : censorify
41 error     at RegClient.<anonymous> (/usr/local/lib/node_modules/npm/node_modules/npm-registry-client/lib/request.js:308:14)
41 error     at Request._callback (/usr/local/lib/node_modules/npm/node_modules/npm-registry-client/lib/request.js:246:65)
41 error     at Request.self.callback (/usr/local/lib/node_modules/npm/node_modules/request/request.js:236:22)
41 error     at Request.emit (events.js:98:17)
41 error     at Request.<anonymous> (/usr/local/lib/node_modules/npm/node_modules/request/request.js:1142:14)
41 error     at Request.emit (events.js:117:20)
41 error     at IncomingMessage.<anonymous> (/usr/local/lib/node_modules/npm/node_modules/request/request.js:1096:12)
41 error     at IncomingMessage.emit (events.js:117:20)
41 error     at _stream_readable.js:943:16
41 error     at process._tickCallback (node.js:419:13)
42 error If you need help, you may report this *entire* log,
42 error including the npm and node versions, at:
42 error     <http://github.com/npm/npm/issues>
43 error System Darwin 14.0.0
44 error command "node" "/usr/local/bin/npm" "publish"
45 error cwd /Users/Infernus/ProjectsNode/censorify
46 error node -v v0.10.33
47 error npm -v 1.4.28
48 verbose exit [ 1, true ]
